[6/23/2026, 11:00:01 PM] To User: mock_user_liff_123
Message Content: {
  "error": "Request failed with status code 400",
  "messages": [
    {
      "type": "text",
      "text": "✅ สลิปการโอนเงินของท่านผ่านการตรวจสอบอัตโนมัติเรียบร้อยแล้วค่ะ ขอบคุณสำหรับความไว้วางใจค่ะ 🙏"
    },
    {
      "type": "flex",
      "altText": "ชำระเงินสำเร็จ / Payment Approved",
      "contents": {
        "type": "bubble",
        "header": {
          "type": "box",
          "layout": "vertical",
          "backgroundColor": "#0A0A0C",
          "paddingAll": "15px",
          "contents": [
            {
              "type": "text",
              "text": "TmStudio",
              "color": "#C5A880",
              "weight": "bold",
              "size": "md",
              "align": "center"
            },
            {
              "type": "text",
              "text": "ชำระเงินสำเร็จ / PAYMENT SUCCESS",
              "color": "#FFFFFF",
              "weight": "bold",
              "size": "sm",
              "align": "center",
              "margin": "xs"
            }
          ]
        },
        "body": {
          "type": "box",
          "layout": "vertical",
          "paddingAll": "20px",
          "contents": [
            {
              "type": "text",
              "text": "ระบบตรวจสอบสลิปอัตโนมัติสำเร็จแล้วค่ะ",
              "size": "sm",
              "weight": "bold",
              "color": "#10B981",
              "wrap": true,
              "align": "center"
            },
            {
              "type": "separator",
              "margin": "md"
            },
            {
              "type": "box",
              "layout": "horizontal",
              "margin": "md",
              "contents": [
                {
                  "type": "text",
                  "text": "ผู้โอน:",
                  "size": "xs",
                  "color": "#9CA3AF",
                  "flex": 4
                },
                {
                  "type": "text",
                  "text": "Test Customer",
                  "size": "xs",
                  "color": "#111827",
                  "align": "end",
                  "weight": "bold",
                  "flex": 6
                }
              ]
            },
            {
              "type": "box",
              "layout": "horizontal",
              "margin": "sm",
              "contents": [
                {
                  "type": "text",
                  "text": "ยอดโอน:",
                  "size": "xs",
                  "color": "#9CA3AF",
                  "flex": 4
                },
                {
                  "type": "text",
                  "text": "200 บาท",
                  "size": "xs",
                  "color": "#C5A880",
                  "align": "end",
                  "weight": "bold",
                  "flex": 6
                }
              ]
            },
            {
              "type": "box",
              "layout": "horizontal",
              "margin": "sm",
              "contents": [
                {
                  "type": "text",
                  "text": "วันเวลาที่โอน:",
                  "size": "xs",
                  "color": "#9CA3AF",
                  "flex": 4
                },
                {
                  "type": "text",
                  "text": "23/6/2569 23:00:01",
                  "size": "xs",
                  "color": "#111827",
                  "align": "end",
                  "flex": 6
                }
              ]
            }
          ]
        },
        "footer": {
          "type": "box",
          "layout": "vertical",
          "spacing": "sm",
          "paddingAll": "15px",
          "contents": [
            {
              "type": "button",
              "action": {
                "type": "uri",
                "label": "เปิดแอปจองคิว & ดูรูปภาพ",
                "uri": "https://liff.line.me/default_liff_id"
              },
              "style": "primary",
              "color": "#C5A880"
            },
            {
              "type": "button",
              "action": {
                "type": "uri",
                "label": "ดาวน์โหลดใบเสร็จ (HTML)",
                "uri": "http://localhost:3000/receipts/receipt-1.html"
              },
              "style": "link",
              "height": "sm"
            }
          ]
        }
      }
    }
  ]
}
----------------------------------------
[6/23/2026, 11:35:39 PM] To User: mock_customer_reminder_123
Message Content: {
  "error": "Request failed with status code 400",
  "messages": [
    {
      "type": "text",
      "text": "🔔 พรุ่งนี้คุณลูกค้ามีนัดถ่ายภาพกับทาง TmStudio รอบเวลา 13:00-16:00 น. นะคะ"
    },
    {
      "type": "flex",
      "altText": "แจ้งเตือนนัดหมายถ่ายภาพวันพรุ่งนี้ค่ะ / Appointment Reminder",
      "contents": {
        "type": "bubble",
        "header": {
          "type": "box",
          "layout": "vertical",
          "backgroundColor": "#0A0A0C",
          "paddingAll": "15px",
          "contents": [
            {
              "type": "text",
              "text": "TmStudio",
              "color": "#C5A880",
              "weight": "bold",
              "size": "md",
              "align": "center"
            },
            {
              "type": "text",
              "text": "แจ้งเตือนนัดหมายถ่ายภาพ / APPOINTMENT REMINDER",
              "color": "#FFFFFF",
              "weight": "bold",
              "size": "sm",
              "align": "center",
              "margin": "xs"
            }
          ]
        },
        "body": {
          "type": "box",
          "layout": "vertical",
          "paddingAll": "20px",
          "contents": [
            {
              "type": "text",
              "text": "สวัสดีค่ะคุณลูกค้า นัดหมายถ่ายภาพของคุณในวันพรุ่งนี้ใกล้ถึงแล้วค่ะ",
              "size": "sm",
              "weight": "bold",
              "color": "#111827",
              "wrap": true
            },
            {
              "type": "separator",
              "margin": "md"
            },
            {
              "type": "box",
              "layout": "horizontal",
              "margin": "md",
              "contents": [
                {
                  "type": "text",
                  "text": "วันที่นัด:",
                  "size": "xs",
                  "color": "#9CA3AF",
                  "flex": 4
                },
                {
                  "type": "text",
                  "text": "24 มิถุนายน 2569",
                  "size": "xs",
                  "color": "#111827",
                  "align": "end",
                  "weight": "bold",
                  "flex": 6
                }
              ]
            },
            {
              "type": "box",
              "layout": "horizontal",
              "margin": "sm",
              "contents": [
                {
                  "type": "text",
                  "text": "เวลา:",
                  "size": "xs",
                  "color": "#9CA3AF",
                  "flex": 4
                },
                {
                  "type": "text",
                  "text": "13:00-16:00",
                  "size": "xs",
                  "color": "#C5A880",
                  "align": "end",
                  "weight": "bold",
                  "flex": 6
                }
              ]
            },
            {
              "type": "box",
              "layout": "horizontal",
              "margin": "sm",
              "contents": [
                {
                  "type": "text",
                  "text": "หมายเหตุ:",
                  "size": "xs",
                  "color": "#9CA3AF",
                  "flex": 4
                },
                {
                  "type": "text",
                  "text": "ต้องการฉากหลังสีขาวนวลและเสื้อโทนพาสเทล",
                  "size": "xs",
                  "color": "#111827",
                  "align": "end",
                  "wrap": true,
                  "flex": 6
                }
              ]
            },
            {
              "type": "separator",
              "margin": "md"
            },
            {
              "type": "text",
              "text": "💡 แนะนำให้คุณลูกค้าเผื่อเวลาและเดินทางมาถึงสตูดิโอก่อนรอบเวลานัดหมายประมาณ 10-15 นาทีนะคะ เพื่อเตรียมความพร้อมในการถ่ายภาพค่ะ",
              "size": "xxs",
              "color": "#8E8E93",
              "margin": "md",
              "wrap": true
            }
          ]
        },
        "footer": {
          "type": "box",
          "layout": "vertical",
          "spacing": "sm",
          "paddingAll": "15px",
          "contents": [
            {
              "type": "button",
              "action": {
                "type": "uri",
                "label": "เปิดดูรายละเอียดในแอป",
                "uri": "https://liff.line.me/default_liff_id"
              },
              "style": "primary",
              "color": "#C5A880"
            }
          ]
        }
      }
    }
  ]
}
----------------------------------------
[6/23/2026, 11:35:39 PM] To User: mock_admin_photographer_999
Message Content: {
  "error": "Request failed with status code 400",
  "messages": [
    {
      "type": "text",
      "text": "🔔 พรุ่งนี้มีคิวถ่ายภาพของ คุณSomchai Jaidee รอบเวลา 13:00-16:00 น. ค่ะ"
    },
    {
      "type": "flex",
      "altText": "แจ้งเตือนคิวถ่ายภาพของลูกค้าวันพรุ่งนี้ค่ะ / Upcoming Booking",
      "contents": {
        "type": "bubble",
        "header": {
          "type": "box",
          "layout": "vertical",
          "backgroundColor": "#0A0A0C",
          "paddingAll": "15px",
          "contents": [
            {
              "type": "text",
              "text": "TmStudio Admin",
              "color": "#C5A880",
              "weight": "bold",
              "size": "md",
              "align": "center"
            },
            {
              "type": "text",
              "text": "คิวถ่ายภาพวันพรุ่งนี้ / UPCOMING BOOKING",
              "color": "#FFFFFF",
              "weight": "bold",
              "size": "sm",
              "align": "center",
              "margin": "xs"
            }
          ]
        },
        "body": {
          "type": "box",
          "layout": "vertical",
          "paddingAll": "20px",
          "contents": [
            {
              "type": "text",
              "text": "มีคิวถ่ายภาพของลูกค้าในวันพรุ่งนี้ค่ะ ช่างภาพโปรดเตรียมความพร้อมของสถานที่และอุปกรณ์",
              "size": "sm",
              "weight": "bold",
              "color": "#111827",
              "wrap": true
            },
            {
              "type": "separator",
              "margin": "md"
            },
            {
              "type": "box",
              "layout": "horizontal",
              "margin": "md",
              "contents": [
                {
                  "type": "text",
                  "text": "ลูกค้า:",
                  "size": "xs",
                  "color": "#9CA3AF",
                  "flex": 4
                },
                {
                  "type": "text",
                  "text": "Somchai Jaidee",
                  "size": "xs",
                  "color": "#111827",
                  "align": "end",
                  "weight": "bold",
                  "flex": 6
                }
              ]
            },
            {
              "type": "box",
              "layout": "horizontal",
              "margin": "sm",
              "contents": [
                {
                  "type": "text",
                  "text": "เบอร์ติดต่อ:",
                  "size": "xs",
                  "color": "#9CA3AF",
                  "flex": 4
                },
                {
                  "type": "text",
                  "text": "0855555555",
                  "size": "xs",
                  "color": "#C5A880",
                  "align": "end",
                  "weight": "bold",
                  "flex": 6
                }
              ]
            },
            {
              "type": "box",
              "layout": "horizontal",
              "margin": "sm",
              "contents": [
                {
                  "type": "text",
                  "text": "วันที่ถ่าย:",
                  "size": "xs",
                  "color": "#9CA3AF",
                  "flex": 4
                },
                {
                  "type": "text",
                  "text": "24 มิถุนายน 2569",
                  "size": "xs",
                  "color": "#111827",
                  "align": "end",
                  "flex": 6
                }
              ]
            },
            {
              "type": "box",
              "layout": "horizontal",
              "margin": "sm",
              "contents": [
                {
                  "type": "text",
                  "text": "รอบเวลา:",
                  "size": "xs",
                  "color": "#9CA3AF",
                  "flex": 4
                },
                {
                  "type": "text",
                  "text": "13:00-16:00",
                  "size": "xs",
                  "color": "#111827",
                  "align": "end",
                  "weight": "bold",
                  "flex": 6
                }
              ]
            },
            {
              "type": "box",
              "layout": "horizontal",
              "margin": "sm",
              "contents": [
                {
                  "type": "text",
                  "text": "โน้ตจากลูกค้า:",
                  "size": "xs",
                  "color": "#9CA3AF",
                  "flex": 4
                },
                {
                  "type": "text",
                  "text": "ต้องการฉากหลังสีขาวนวลและเสื้อโทนพาสเทล",
                  "size": "xs",
                  "color": "#6B7280",
                  "align": "end",
                  "wrap": true,
                  "flex": 6
                }
              ]
            }
          ]
        }
      }
    }
  ]
}
----------------------------------------
